[0.538s] Invoking command in '/home/ajr/far_wbw_main/src': PYTHONPATH=/home/ajr/far_wbw_main/build/random_threshold/prefix_override:/usr/lib/python3/dist-packages/colcon_core/task/python/colcon_distutils_commands:/home/ajr/far_wbw_main/install/random_threshold/lib/python3.10/site-packages:${PYTHONPATH} /usr/bin/python3 -W ignore:setup.py install is deprecated setup.py egg_info --egg-base ../build/random_threshold build --build-base /home/ajr/far_wbw_main/build/random_threshold/build install --record /home/ajr/far_wbw_main/build/random_threshold/install.log --single-version-externally-managed install_data
[0.721s] running egg_info
[0.721s] writing ../build/random_threshold/random_threshold.egg-info/PKG-INFO
[0.722s] writing dependency_links to ../build/random_threshold/random_threshold.egg-info/dependency_links.txt
[0.723s] writing entry points to ../build/random_threshold/random_threshold.egg-info/entry_points.txt
[0.723s] writing requirements to ../build/random_threshold/random_threshold.egg-info/requires.txt
[0.723s] writing top-level names to ../build/random_threshold/random_threshold.egg-info/top_level.txt
[0.724s] reading manifest file '../build/random_threshold/random_threshold.egg-info/SOURCES.txt'
[0.725s] writing manifest file '../build/random_threshold/random_threshold.egg-info/SOURCES.txt'
[0.725s] running build
[0.725s] running build_py
[0.725s] running install
[0.726s] running install_lib
[0.727s] running install_data
[0.727s] running install_egg_info
[0.728s] removing '/home/ajr/far_wbw_main/install/random_threshold/lib/python3.10/site-packages/random_threshold-0.0.0-py3.10.egg-info' (and everything under it)
[0.728s] Copying ../build/random_threshold/random_threshold.egg-info to /home/ajr/far_wbw_main/install/random_threshold/lib/python3.10/site-packages/random_threshold-0.0.0-py3.10.egg-info
[0.729s] running install_scripts
[0.746s] writing list of installed files to '/home/ajr/far_wbw_main/build/random_threshold/install.log'
[0.770s] Invoked command in '/home/ajr/far_wbw_main/src' returned '0': PYTHONPATH=/home/ajr/far_wbw_main/build/random_threshold/prefix_override:/usr/lib/python3/dist-packages/colcon_core/task/python/colcon_distutils_commands:/home/ajr/far_wbw_main/install/random_threshold/lib/python3.10/site-packages:${PYTHONPATH} /usr/bin/python3 -W ignore:setup.py install is deprecated setup.py egg_info --egg-base ../build/random_threshold build --build-base /home/ajr/far_wbw_main/build/random_threshold/build install --record /home/ajr/far_wbw_main/build/random_threshold/install.log --single-version-externally-managed install_data
