running egg_info
creating ../build/random_threshold/random_threshold.egg-info
writing ../build/random_threshold/random_threshold.egg-info/PKG-INFO
writing dependency_links to ../build/random_threshold/random_threshold.egg-info/dependency_links.txt
writing entry points to ../build/random_threshold/random_threshold.egg-info/entry_points.txt
writing requirements to ../build/random_threshold/random_threshold.egg-info/requires.txt
writing top-level names to ../build/random_threshold/random_threshold.egg-info/top_level.txt
writing manifest file '../build/random_threshold/random_threshold.egg-info/SOURCES.txt'
reading manifest file '../build/random_threshold/random_threshold.egg-info/SOURCES.txt'
writing manifest file '../build/random_threshold/random_threshold.egg-info/SOURCES.txt'
running build
running build_py
creating /home/ajr/far_wbw_main/build/random_threshold/build
creating /home/ajr/far_wbw_main/build/random_threshold/build/lib
creating /home/ajr/far_wbw_main/build/random_threshold/build/lib/random_threshold
copying random_threshold/__init__.py -> /home/ajr/far_wbw_main/build/random_threshold/build/lib/random_threshold
copying random_threshold/random_publisher.py -> /home/ajr/far_wbw_main/build/random_threshold/build/lib/random_threshold
copying random_threshold/threshold_subscriber.py -> /home/ajr/far_wbw_main/build/random_threshold/build/lib/random_threshold
running install
running install_lib
creating /home/ajr/far_wbw_main/install/random_threshold/lib/python3.10/site-packages/random_threshold
copying /home/ajr/far_wbw_main/build/random_threshold/build/lib/random_threshold/__init__.py -> /home/ajr/far_wbw_main/install/random_threshold/lib/python3.10/site-packages/random_threshold
copying /home/ajr/far_wbw_main/build/random_threshold/build/lib/random_threshold/random_publisher.py -> /home/ajr/far_wbw_main/install/random_threshold/lib/python3.10/site-packages/random_threshold
copying /home/ajr/far_wbw_main/build/random_threshold/build/lib/random_threshold/threshold_subscriber.py -> /home/ajr/far_wbw_main/install/random_threshold/lib/python3.10/site-packages/random_threshold
byte-compiling /home/ajr/far_wbw_main/install/random_threshold/lib/python3.10/site-packages/random_threshold/__init__.py to __init__.cpython-310.pyc
byte-compiling /home/ajr/far_wbw_main/install/random_threshold/lib/python3.10/site-packages/random_threshold/random_publisher.py to random_publisher.cpython-310.pyc
byte-compiling /home/ajr/far_wbw_main/install/random_threshold/lib/python3.10/site-packages/random_threshold/threshold_subscriber.py to threshold_subscriber.cpython-310.pyc
running install_data
creating /home/ajr/far_wbw_main/install/random_threshold/share/ament_index
creating /home/ajr/far_wbw_main/install/random_threshold/share/ament_index/resource_index
creating /home/ajr/far_wbw_main/install/random_threshold/share/ament_index/resource_index/packages
copying resource/random_threshold -> /home/ajr/far_wbw_main/install/random_threshold/share/ament_index/resource_index/packages
copying package.xml -> /home/ajr/far_wbw_main/install/random_threshold/share/random_threshold
running install_egg_info
Copying ../build/random_threshold/random_threshold.egg-info to /home/ajr/far_wbw_main/install/random_threshold/lib/python3.10/site-packages/random_threshold-0.0.0-py3.10.egg-info
running install_scripts
writing list of installed files to '/home/ajr/far_wbw_main/build/random_threshold/install.log'
