[0.540s] Invoking command in '/home/ajr/far_wbw_main/random_threshold': PYTHONPATH=/home/ajr/far_wbw_main/build/random_threshold/prefix_override:/usr/lib/python3/dist-packages/colcon_core/task/python/colcon_distutils_commands:/home/ajr/far_wbw_main/install/random_threshold/lib/python3.10/site-packages:${PYTHONPATH} /usr/bin/python3 -W ignore:setup.py install is deprecated setup.py egg_info --egg-base ../build/random_threshold build --build-base /home/ajr/far_wbw_main/build/random_threshold/build install --record /home/ajr/far_wbw_main/build/random_threshold/install.log --single-version-externally-managed install_data
[0.717s] running egg_info
[0.717s] creating ../build/random_threshold/random_threshold.egg-info
[0.718s] writing ../build/random_threshold/random_threshold.egg-info/PKG-INFO
[0.718s] writing dependency_links to ../build/random_threshold/random_threshold.egg-info/dependency_links.txt
[0.718s] writing entry points to ../build/random_threshold/random_threshold.egg-info/entry_points.txt
[0.719s] writing requirements to ../build/random_threshold/random_threshold.egg-info/requires.txt
[0.719s] writing top-level names to ../build/random_threshold/random_threshold.egg-info/top_level.txt
[0.719s] writing manifest file '../build/random_threshold/random_threshold.egg-info/SOURCES.txt'
[0.721s] reading manifest file '../build/random_threshold/random_threshold.egg-info/SOURCES.txt'
[0.721s] writing manifest file '../build/random_threshold/random_threshold.egg-info/SOURCES.txt'
[0.721s] running build
[0.721s] running build_py
[0.722s] creating /home/ajr/far_wbw_main/build/random_threshold/build
[0.722s] creating /home/ajr/far_wbw_main/build/random_threshold/build/lib
[0.722s] creating /home/ajr/far_wbw_main/build/random_threshold/build/lib/random_threshold
[0.722s] copying random_threshold/__init__.py -> /home/ajr/far_wbw_main/build/random_threshold/build/lib/random_threshold
[0.722s] copying random_threshold/random_publisher.py -> /home/ajr/far_wbw_main/build/random_threshold/build/lib/random_threshold
[0.723s] copying random_threshold/threshold_subscriber.py -> /home/ajr/far_wbw_main/build/random_threshold/build/lib/random_threshold
[0.723s] running install
[0.723s] running install_lib
[0.724s] creating /home/ajr/far_wbw_main/install/random_threshold/lib/python3.10/site-packages/random_threshold
[0.724s] copying /home/ajr/far_wbw_main/build/random_threshold/build/lib/random_threshold/__init__.py -> /home/ajr/far_wbw_main/install/random_threshold/lib/python3.10/site-packages/random_threshold
[0.724s] copying /home/ajr/far_wbw_main/build/random_threshold/build/lib/random_threshold/random_publisher.py -> /home/ajr/far_wbw_main/install/random_threshold/lib/python3.10/site-packages/random_threshold
[0.724s] copying /home/ajr/far_wbw_main/build/random_threshold/build/lib/random_threshold/threshold_subscriber.py -> /home/ajr/far_wbw_main/install/random_threshold/lib/python3.10/site-packages/random_threshold
[0.725s] byte-compiling /home/ajr/far_wbw_main/install/random_threshold/lib/python3.10/site-packages/random_threshold/__init__.py to __init__.cpython-310.pyc
[0.726s] byte-compiling /home/ajr/far_wbw_main/install/random_threshold/lib/python3.10/site-packages/random_threshold/random_publisher.py to random_publisher.cpython-310.pyc
[0.726s] byte-compiling /home/ajr/far_wbw_main/install/random_threshold/lib/python3.10/site-packages/random_threshold/threshold_subscriber.py to threshold_subscriber.cpython-310.pyc
[0.727s] running install_data
[0.727s] creating /home/ajr/far_wbw_main/install/random_threshold/share/ament_index
[0.727s] creating /home/ajr/far_wbw_main/install/random_threshold/share/ament_index/resource_index
[0.727s] creating /home/ajr/far_wbw_main/install/random_threshold/share/ament_index/resource_index/packages
[0.727s] copying resource/random_threshold -> /home/ajr/far_wbw_main/install/random_threshold/share/ament_index/resource_index/packages
[0.727s] copying package.xml -> /home/ajr/far_wbw_main/install/random_threshold/share/random_threshold
[0.727s] running install_egg_info
[0.729s] Copying ../build/random_threshold/random_threshold.egg-info to /home/ajr/far_wbw_main/install/random_threshold/lib/python3.10/site-packages/random_threshold-0.0.0-py3.10.egg-info
[0.730s] running install_scripts
[0.745s] writing list of installed files to '/home/ajr/far_wbw_main/build/random_threshold/install.log'
[0.767s] Invoked command in '/home/ajr/far_wbw_main/random_threshold' returned '0': PYTHONPATH=/home/ajr/far_wbw_main/build/random_threshold/prefix_override:/usr/lib/python3/dist-packages/colcon_core/task/python/colcon_distutils_commands:/home/ajr/far_wbw_main/install/random_threshold/lib/python3.10/site-packages:${PYTHONPATH} /usr/bin/python3 -W ignore:setup.py install is deprecated setup.py egg_info --egg-base ../build/random_threshold build --build-base /home/ajr/far_wbw_main/build/random_threshold/build install --record /home/ajr/far_wbw_main/build/random_threshold/install.log --single-version-externally-managed install_data
