running egg_info
creating ../build/simple_threshold_monitor/simple_threshold_monitor.egg-info
writing ../build/simple_threshold_monitor/simple_threshold_monitor.egg-info/PKG-INFO
writing dependency_links to ../build/simple_threshold_monitor/simple_threshold_monitor.egg-info/dependency_links.txt
writing entry points to ../build/simple_threshold_monitor/simple_threshold_monitor.egg-info/entry_points.txt
writing requirements to ../build/simple_threshold_monitor/simple_threshold_monitor.egg-info/requires.txt
writing top-level names to ../build/simple_threshold_monitor/simple_threshold_monitor.egg-info/top_level.txt
writing manifest file '../build/simple_threshold_monitor/simple_threshold_monitor.egg-info/SOURCES.txt'
reading manifest file '../build/simple_threshold_monitor/simple_threshold_monitor.egg-info/SOURCES.txt'
writing manifest file '../build/simple_threshold_monitor/simple_threshold_monitor.egg-info/SOURCES.txt'
running build
running build_py
creating /home/ajr/far_wbw_main/build/simple_threshold_monitor/build
creating /home/ajr/far_wbw_main/build/simple_threshold_monitor/build/lib
creating /home/ajr/far_wbw_main/build/simple_threshold_monitor/build/lib/simple_threshold_monitor
copying simple_threshold_monitor/__init__.py -> /home/ajr/far_wbw_main/build/simple_threshold_monitor/build/lib/simple_threshold_monitor
copying simple_threshold_monitor/random_publisher.py -> /home/ajr/far_wbw_main/build/simple_threshold_monitor/build/lib/simple_threshold_monitor
copying simple_threshold_monitor/threshold_subscriber.py -> /home/ajr/far_wbw_main/build/simple_threshold_monitor/build/lib/simple_threshold_monitor
running install
running install_lib
creating /home/ajr/far_wbw_main/install/simple_threshold_monitor/lib/python3.10/site-packages/simple_threshold_monitor
copying /home/ajr/far_wbw_main/build/simple_threshold_monitor/build/lib/simple_threshold_monitor/__init__.py -> /home/ajr/far_wbw_main/install/simple_threshold_monitor/lib/python3.10/site-packages/simple_threshold_monitor
copying /home/ajr/far_wbw_main/build/simple_threshold_monitor/build/lib/simple_threshold_monitor/random_publisher.py -> /home/ajr/far_wbw_main/install/simple_threshold_monitor/lib/python3.10/site-packages/simple_threshold_monitor
copying /home/ajr/far_wbw_main/build/simple_threshold_monitor/build/lib/simple_threshold_monitor/threshold_subscriber.py -> /home/ajr/far_wbw_main/install/simple_threshold_monitor/lib/python3.10/site-packages/simple_threshold_monitor
byte-compiling /home/ajr/far_wbw_main/install/simple_threshold_monitor/lib/python3.10/site-packages/simple_threshold_monitor/__init__.py to __init__.cpython-310.pyc
byte-compiling /home/ajr/far_wbw_main/install/simple_threshold_monitor/lib/python3.10/site-packages/simple_threshold_monitor/random_publisher.py to random_publisher.cpython-310.pyc
byte-compiling /home/ajr/far_wbw_main/install/simple_threshold_monitor/lib/python3.10/site-packages/simple_threshold_monitor/threshold_subscriber.py to threshold_subscriber.cpython-310.pyc
running install_data
creating /home/ajr/far_wbw_main/install/simple_threshold_monitor/share/ament_index
creating /home/ajr/far_wbw_main/install/simple_threshold_monitor/share/ament_index/resource_index
creating /home/ajr/far_wbw_main/install/simple_threshold_monitor/share/ament_index/resource_index/packages
copying resource/simple_threshold_monitor -> /home/ajr/far_wbw_main/install/simple_threshold_monitor/share/ament_index/resource_index/packages
copying package.xml -> /home/ajr/far_wbw_main/install/simple_threshold_monitor/share/simple_threshold_monitor
creating /home/ajr/far_wbw_main/install/simple_threshold_monitor/share/simple_threshold_monitor/launch
copying launch/launch.py -> /home/ajr/far_wbw_main/install/simple_threshold_monitor/share/simple_threshold_monitor/launch
running install_egg_info
Copying ../build/simple_threshold_monitor/simple_threshold_monitor.egg-info to /home/ajr/far_wbw_main/install/simple_threshold_monitor/lib/python3.10/site-packages/simple_threshold_monitor-0.0.0-py3.10.egg-info
running install_scripts
Installing random_publisher script to /home/ajr/far_wbw_main/install/simple_threshold_monitor/lib/simple_threshold_monitor
Installing threshold_subscriber script to /home/ajr/far_wbw_main/install/simple_threshold_monitor/lib/simple_threshold_monitor
writing list of installed files to '/home/ajr/far_wbw_main/build/simple_threshold_monitor/install.log'
