[0.521s] Invoking command in '/home/ajr/far_wbw_main/random_threshold': PYTHONPATH=/home/ajr/far_wbw_main/build/random_threshold/prefix_override:/usr/lib/python3/dist-packages/colcon_core/task/python/colcon_distutils_commands:/home/ajr/far_wbw_main/install/random_threshold/lib/python3.10/site-packages:${PYTHONPATH} /usr/bin/python3 -W ignore:setup.py install is deprecated setup.py egg_info --egg-base ../build/random_threshold build --build-base /home/ajr/far_wbw_main/build/random_threshold/build install --record /home/ajr/far_wbw_main/build/random_threshold/install.log --single-version-externally-managed install_data
[0.693s] running egg_info
[0.693s] writing ../build/random_threshold/random_threshold.egg-info/PKG-INFO
[0.695s] writing dependency_links to ../build/random_threshold/random_threshold.egg-info/dependency_links.txt
[0.695s] writing entry points to ../build/random_threshold/random_threshold.egg-info/entry_points.txt
[0.696s] writing requirements to ../build/random_threshold/random_threshold.egg-info/requires.txt
[0.696s] writing top-level names to ../build/random_threshold/random_threshold.egg-info/top_level.txt
[0.697s] reading manifest file '../build/random_threshold/random_threshold.egg-info/SOURCES.txt'
[0.698s] writing manifest file '../build/random_threshold/random_threshold.egg-info/SOURCES.txt'
[0.698s] running build
[0.698s] running build_py
[0.698s] running install
[0.698s] running install_lib
[0.699s] running install_data
[0.700s] running install_egg_info
[0.701s] removing '/home/ajr/far_wbw_main/install/random_threshold/lib/python3.10/site-packages/random_threshold-0.0.0-py3.10.egg-info' (and everything under it)
[0.701s] Copying ../build/random_threshold/random_threshold.egg-info to /home/ajr/far_wbw_main/install/random_threshold/lib/python3.10/site-packages/random_threshold-0.0.0-py3.10.egg-info
[0.702s] running install_scripts
[0.717s] writing list of installed files to '/home/ajr/far_wbw_main/build/random_threshold/install.log'
[0.739s] Invoked command in '/home/ajr/far_wbw_main/random_threshold' returned '0': PYTHONPATH=/home/ajr/far_wbw_main/build/random_threshold/prefix_override:/usr/lib/python3/dist-packages/colcon_core/task/python/colcon_distutils_commands:/home/ajr/far_wbw_main/install/random_threshold/lib/python3.10/site-packages:${PYTHONPATH} /usr/bin/python3 -W ignore:setup.py install is deprecated setup.py egg_info --egg-base ../build/random_threshold build --build-base /home/ajr/far_wbw_main/build/random_threshold/build install --record /home/ajr/far_wbw_main/build/random_threshold/install.log --single-version-externally-managed install_data
