running egg_info
writing ../build/simple_threshold_monitor/simple_threshold_monitor.egg-info/PKG-INFO
writing dependency_links to ../build/simple_threshold_monitor/simple_threshold_monitor.egg-info/dependency_links.txt
writing entry points to ../build/simple_threshold_monitor/simple_threshold_monitor.egg-info/entry_points.txt
writing requirements to ../build/simple_threshold_monitor/simple_threshold_monitor.egg-info/requires.txt
writing top-level names to ../build/simple_threshold_monitor/simple_threshold_monitor.egg-info/top_level.txt
reading manifest file '../build/simple_threshold_monitor/simple_threshold_monitor.egg-info/SOURCES.txt'
writing manifest file '../build/simple_threshold_monitor/simple_threshold_monitor.egg-info/SOURCES.txt'
running build
running build_py
running install
running install_lib
running install_data
running install_egg_info
removing '/home/ajr/far_wbw_main/install/simple_threshold_monitor/lib/python3.10/site-packages/simple_threshold_monitor-0.0.0-py3.10.egg-info' (and everything under it)
Copying ../build/simple_threshold_monitor/simple_threshold_monitor.egg-info to /home/ajr/far_wbw_main/install/simple_threshold_monitor/lib/python3.10/site-packages/simple_threshold_monitor-0.0.0-py3.10.egg-info
running install_scripts
Installing random_publisher script to /home/ajr/far_wbw_main/install/simple_threshold_monitor/lib/simple_threshold_monitor
Installing threshold_subscriber script to /home/ajr/far_wbw_main/install/simple_threshold_monitor/lib/simple_threshold_monitor
writing list of installed files to '/home/ajr/far_wbw_main/build/simple_threshold_monitor/install.log'
