[0.292s] DEBUG:colcon:Command line arguments: ['/usr/bin/colcon', 'build', '--packages-select', 'simple_threshold_monitor']
[0.292s] DEBUG:colcon:Parsed command line arguments: Namespace(log_base=None, log_level=None, verb_name='build', build_base='build', install_base='install', merge_install=False, symlink_install=False, test_result_base=None, continue_on_error=False, executor='parallel', parallel_workers=12, event_handlers=None, ignore_user_meta=False, metas=['./colcon.meta'], base_paths=['.'], packages_ignore=None, packages_ignore_regex=None, paths=None, packages_up_to=None, packages_up_to_regex=None, packages_above=None, packages_above_and_dependencies=None, packages_above_depth=None, packages_select_by_dep=None, packages_skip_by_dep=None, packages_skip_up_to=None, packages_select_build_failed=False, packages_skip_build_finished=False, packages_select_test_failures=False, packages_skip_test_passed=False, packages_select=['simple_threshold_monitor'], packages_skip=None, packages_select_regex=None, packages_skip_regex=None, packages_start=None, packages_end=None, allow_overriding=[], cmake_args=None, cmake_target=None, cmake_target_skip_unavailable=False, cmake_clean_cache=False, cmake_clean_first=False, cmake_force_configure=False, ament_cmake_args=None, catkin_cmake_args=None, catkin_skip_building_tests=False, mixin_files=None, mixin=None, verb_parser=<colcon_mixin.mixin.mixin_argument.MixinArgumentDecorator object at 0x7183347f8070>, verb_extension=<colcon_core.verb.build.BuildVerb object at 0x7183347c35b0>, main=<bound method BuildVerb.main of <colcon_core.verb.build.BuildVerb object at 0x7183347c35b0>>, mixin_verb=('build',))
[0.525s] Level 1:colcon.colcon_core.package_discovery:discover_packages(colcon_meta) check parameters
[0.525s] Level 1:colcon.colcon_core.package_discovery:discover_packages(recursive) check parameters
[0.525s] Level 1:colcon.colcon_core.package_discovery:discover_packages(ignore) check parameters
[0.525s] Level 1:colcon.colcon_core.package_discovery:discover_packages(path) check parameters
[0.525s] Level 1:colcon.colcon_core.package_discovery:discover_packages(colcon_meta) discover
[0.525s] Level 1:colcon.colcon_core.package_discovery:discover_packages(recursive) discover
[0.525s] INFO:colcon.colcon_core.package_discovery:Crawling recursively for packages in '/home/ajr/far_wbw_main'
[0.525s] Level 1:colcon.colcon_core.package_identification:_identify(.) by extensions ['ignore', 'ignore_ament_install']
[0.525s] Level 1:colcon.colcon_core.package_identification:_identify(.) by extension 'ignore'
[0.525s] Level 1:colcon.colcon_core.package_identification:_identify(.) by extension 'ignore_ament_install'
[0.525s] Level 1:colcon.colcon_core.package_identification:_identify(.) by extensions ['colcon_pkg']
[0.525s] Level 1:colcon.colcon_core.package_identification:_identify(.) by extension 'colcon_pkg'
[0.525s] Level 1:colcon.colcon_core.package_identification:_identify(.) by extensions ['colcon_meta']
[0.525s] Level 1:colcon.colcon_core.package_identification:_identify(.) by extension 'colcon_meta'
[0.525s] Level 1:colcon.colcon_core.package_identification:_identify(.) by extensions ['ros']
[0.525s] Level 1:colcon.colcon_core.package_identification:_identify(.) by extension 'ros'
[0.540s] Level 1:colcon.colcon_core.package_identification:_identify(.) by extensions ['cmake', 'python']
[0.540s] Level 1:colcon.colcon_core.package_identification:_identify(.) by extension 'cmake'
[0.540s] Level 1:colcon.colcon_core.package_identification:_identify(.) by extension 'python'
[0.540s] Level 1:colcon.colcon_core.package_identification:_identify(.) by extensions ['python_setup_py']
[0.540s] Level 1:colcon.colcon_core.package_identification:_identify(.) by extension 'python_setup_py'
[0.540s] Level 1:colcon.colcon_core.package_identification:_identify(build) by extensions ['ignore', 'ignore_ament_install']
[0.540s] Level 1:colcon.colcon_core.package_identification:_identify(build) by extension 'ignore'
[0.540s] Level 1:colcon.colcon_core.package_identification:_identify(build) ignored
[0.540s] Level 1:colcon.colcon_core.package_identification:_identify(install) by extensions ['ignore', 'ignore_ament_install']
[0.540s] Level 1:colcon.colcon_core.package_identification:_identify(install) by extension 'ignore'
[0.540s] Level 1:colcon.colcon_core.package_identification:_identify(install) ignored
[0.540s] Level 1:colcon.colcon_core.package_identification:_identify(log) by extensions ['ignore', 'ignore_ament_install']
[0.541s] Level 1:colcon.colcon_core.package_identification:_identify(log) by extension 'ignore'
[0.541s] Level 1:colcon.colcon_core.package_identification:_identify(log) ignored
[0.541s] Level 1:colcon.colcon_core.package_identification:_identify(simple_threshold_monitor) by extensions ['ignore', 'ignore_ament_install']
[0.541s] Level 1:colcon.colcon_core.package_identification:_identify(simple_threshold_monitor) by extension 'ignore'
[0.541s] Level 1:colcon.colcon_core.package_identification:_identify(simple_threshold_monitor) by extension 'ignore_ament_install'
[0.541s] Level 1:colcon.colcon_core.package_identification:_identify(simple_threshold_monitor) by extensions ['colcon_pkg']
[0.541s] Level 1:colcon.colcon_core.package_identification:_identify(simple_threshold_monitor) by extension 'colcon_pkg'
[0.541s] Level 1:colcon.colcon_core.package_identification:_identify(simple_threshold_monitor) by extensions ['colcon_meta']
[0.541s] Level 1:colcon.colcon_core.package_identification:_identify(simple_threshold_monitor) by extension 'colcon_meta'
[0.541s] Level 1:colcon.colcon_core.package_identification:_identify(simple_threshold_monitor) by extensions ['ros']
[0.541s] Level 1:colcon.colcon_core.package_identification:_identify(simple_threshold_monitor) by extension 'ros'
[0.544s] DEBUG:colcon.colcon_core.package_identification:Package 'simple_threshold_monitor' with type 'ros.ament_python' and name 'simple_threshold_monitor'
[0.545s] Level 1:colcon.colcon_core.package_discovery:discover_packages(recursive) using defaults
[0.545s] Level 1:colcon.colcon_core.package_discovery:discover_packages(ignore) discover
[0.545s] Level 1:colcon.colcon_core.package_discovery:discover_packages(ignore) using defaults
[0.545s] Level 1:colcon.colcon_core.package_discovery:discover_packages(path) discover
[0.545s] Level 1:colcon.colcon_core.package_discovery:discover_packages(path) using defaults
[0.576s] Level 1:colcon.colcon_core.package_discovery:discover_packages(prefix_path) check parameters
[0.576s] Level 1:colcon.colcon_core.package_discovery:discover_packages(prefix_path) discover
[0.580s] DEBUG:colcon.colcon_installed_package_information.package_discovery:Found 288 installed packages in /opt/ros/humble
[0.581s] Level 1:colcon.colcon_core.package_discovery:discover_packages(prefix_path) using defaults
[0.664s] Level 5:colcon.colcon_core.verb:set package 'simple_threshold_monitor' build argument 'cmake_args' from command line to 'None'
[0.664s] Level 5:colcon.colcon_core.verb:set package 'simple_threshold_monitor' build argument 'cmake_target' from command line to 'None'
[0.664s] Level 5:colcon.colcon_core.verb:set package 'simple_threshold_monitor' build argument 'cmake_target_skip_unavailable' from command line to 'False'
[0.664s] Level 5:colcon.colcon_core.verb:set package 'simple_threshold_monitor' build argument 'cmake_clean_cache' from command line to 'False'
[0.664s] Level 5:colcon.colcon_core.verb:set package 'simple_threshold_monitor' build argument 'cmake_clean_first' from command line to 'False'
[0.665s] Level 5:colcon.colcon_core.verb:set package 'simple_threshold_monitor' build argument 'cmake_force_configure' from command line to 'False'
[0.665s] Level 5:colcon.colcon_core.verb:set package 'simple_threshold_monitor' build argument 'ament_cmake_args' from command line to 'None'
[0.665s] Level 5:colcon.colcon_core.verb:set package 'simple_threshold_monitor' build argument 'catkin_cmake_args' from command line to 'None'
[0.665s] Level 5:colcon.colcon_core.verb:set package 'simple_threshold_monitor' build argument 'catkin_skip_building_tests' from command line to 'False'
[0.665s] DEBUG:colcon.colcon_core.verb:Building package 'simple_threshold_monitor' with the following arguments: {'ament_cmake_args': None, 'build_base': '/home/ajr/far_wbw_main/build/simple_threshold_monitor', 'catkin_cmake_args': None, 'catkin_skip_building_tests': False, 'cmake_args': None, 'cmake_clean_cache': False, 'cmake_clean_first': False, 'cmake_force_configure': False, 'cmake_target': None, 'cmake_target_skip_unavailable': False, 'install_base': '/home/ajr/far_wbw_main/install/simple_threshold_monitor', 'merge_install': False, 'path': '/home/ajr/far_wbw_main/simple_threshold_monitor', 'symlink_install': False, 'test_result_base': None}
[0.665s] INFO:colcon.colcon_core.executor:Executing jobs using 'parallel' executor
[0.666s] DEBUG:colcon.colcon_parallel_executor.executor.parallel:run_until_complete
[0.666s] INFO:colcon.colcon_ros.task.ament_python.build:Building ROS package in '/home/ajr/far_wbw_main/simple_threshold_monitor' with build type 'ament_python'
[0.666s] Level 1:colcon.colcon_core.shell:create_environment_hook('simple_threshold_monitor', 'ament_prefix_path')
[0.671s] INFO:colcon.colcon_core.plugin_system:Skipping extension 'colcon_core.shell.bat': Not used on non-Windows systems
[0.671s] INFO:colcon.colcon_core.shell:Creating environment hook '/home/ajr/far_wbw_main/install/simple_threshold_monitor/share/simple_threshold_monitor/hook/ament_prefix_path.ps1'
[0.672s] INFO:colcon.colcon_core.shell:Creating environment descriptor '/home/ajr/far_wbw_main/install/simple_threshold_monitor/share/simple_threshold_monitor/hook/ament_prefix_path.dsv'
[0.673s] INFO:colcon.colcon_core.shell:Creating environment hook '/home/ajr/far_wbw_main/install/simple_threshold_monitor/share/simple_threshold_monitor/hook/ament_prefix_path.sh'
[0.674s] INFO:colcon.colcon_core.shell:Skip shell extension 'powershell' for command environment: Not usable outside of PowerShell
[0.674s] DEBUG:colcon.colcon_core.shell:Skip shell extension 'dsv' for command environment
[0.890s] INFO:colcon.colcon_core.task.python.build:Building Python package in '/home/ajr/far_wbw_main/simple_threshold_monitor'
[0.890s] INFO:colcon.colcon_core.shell:Skip shell extension 'powershell' for command environment: Not usable outside of PowerShell
[0.890s] DEBUG:colcon.colcon_core.shell:Skip shell extension 'dsv' for command environment
[1.209s] DEBUG:colcon.colcon_core.event_handler.log_command:Invoking command in '/home/ajr/far_wbw_main/simple_threshold_monitor': PYTHONPATH=/home/ajr/far_wbw_main/build/simple_threshold_monitor/prefix_override:/usr/lib/python3/dist-packages/colcon_core/task/python/colcon_distutils_commands:/home/ajr/far_wbw_main/install/simple_threshold_monitor/lib/python3.10/site-packages:${PYTHONPATH} /usr/bin/python3 -W ignore:setup.py install is deprecated setup.py egg_info --egg-base ../build/simple_threshold_monitor build --build-base /home/ajr/far_wbw_main/build/simple_threshold_monitor/build install --record /home/ajr/far_wbw_main/build/simple_threshold_monitor/install.log --single-version-externally-managed install_data
[1.440s] DEBUG:colcon.colcon_core.event_handler.log_command:Invoked command in '/home/ajr/far_wbw_main/simple_threshold_monitor' returned '0': PYTHONPATH=/home/ajr/far_wbw_main/build/simple_threshold_monitor/prefix_override:/usr/lib/python3/dist-packages/colcon_core/task/python/colcon_distutils_commands:/home/ajr/far_wbw_main/install/simple_threshold_monitor/lib/python3.10/site-packages:${PYTHONPATH} /usr/bin/python3 -W ignore:setup.py install is deprecated setup.py egg_info --egg-base ../build/simple_threshold_monitor build --build-base /home/ajr/far_wbw_main/build/simple_threshold_monitor/build install --record /home/ajr/far_wbw_main/build/simple_threshold_monitor/install.log --single-version-externally-managed install_data
[1.445s] Level 1:colcon.colcon_core.environment:checking '/home/ajr/far_wbw_main/install/simple_threshold_monitor' for CMake module files
[1.446s] Level 1:colcon.colcon_core.environment:checking '/home/ajr/far_wbw_main/install/simple_threshold_monitor' for CMake config files
[1.446s] Level 1:colcon.colcon_core.environment:checking '/home/ajr/far_wbw_main/install/simple_threshold_monitor/lib'
[1.447s] Level 1:colcon.colcon_core.environment:checking '/home/ajr/far_wbw_main/install/simple_threshold_monitor/bin'
[1.447s] Level 1:colcon.colcon_core.environment:checking '/home/ajr/far_wbw_main/install/simple_threshold_monitor/lib/pkgconfig/simple_threshold_monitor.pc'
[1.447s] Level 1:colcon.colcon_core.environment:checking '/home/ajr/far_wbw_main/install/simple_threshold_monitor/lib/python3.10/site-packages'
[1.447s] Level 1:colcon.colcon_core.shell:create_environment_hook('simple_threshold_monitor', 'pythonpath')
[1.447s] INFO:colcon.colcon_core.shell:Creating environment hook '/home/ajr/far_wbw_main/install/simple_threshold_monitor/share/simple_threshold_monitor/hook/pythonpath.ps1'
[1.448s] INFO:colcon.colcon_core.shell:Creating environment descriptor '/home/ajr/far_wbw_main/install/simple_threshold_monitor/share/simple_threshold_monitor/hook/pythonpath.dsv'
[1.448s] INFO:colcon.colcon_core.shell:Creating environment hook '/home/ajr/far_wbw_main/install/simple_threshold_monitor/share/simple_threshold_monitor/hook/pythonpath.sh'
[1.448s] Level 1:colcon.colcon_core.environment:checking '/home/ajr/far_wbw_main/install/simple_threshold_monitor/bin'
[1.448s] Level 1:colcon.colcon_core.environment:create_environment_scripts_only(simple_threshold_monitor)
[1.448s] INFO:colcon.colcon_core.shell:Creating package script '/home/ajr/far_wbw_main/install/simple_threshold_monitor/share/simple_threshold_monitor/package.ps1'
[1.449s] INFO:colcon.colcon_core.shell:Creating package descriptor '/home/ajr/far_wbw_main/install/simple_threshold_monitor/share/simple_threshold_monitor/package.dsv'
[1.450s] INFO:colcon.colcon_core.shell:Creating package script '/home/ajr/far_wbw_main/install/simple_threshold_monitor/share/simple_threshold_monitor/package.sh'
[1.450s] INFO:colcon.colcon_core.shell:Creating package script '/home/ajr/far_wbw_main/install/simple_threshold_monitor/share/simple_threshold_monitor/package.bash'
[1.451s] INFO:colcon.colcon_core.shell:Creating package script '/home/ajr/far_wbw_main/install/simple_threshold_monitor/share/simple_threshold_monitor/package.zsh'
[1.452s] Level 1:colcon.colcon_core.environment:create_file_with_runtime_dependencies(/home/ajr/far_wbw_main/install/simple_threshold_monitor/share/colcon-core/packages/simple_threshold_monitor)
[1.452s] DEBUG:colcon.colcon_parallel_executor.executor.parallel:closing loop
[1.453s] DEBUG:colcon.colcon_parallel_executor.executor.parallel:loop closed
[1.453s] DEBUG:colcon.colcon_parallel_executor.executor.parallel:run_until_complete finished with '0'
[1.453s] DEBUG:colcon.colcon_core.event_reactor:joining thread
[1.481s] INFO:colcon.colcon_core.plugin_system:Skipping extension 'colcon_notification.desktop_notification.notify_send': Could not find 'notify-send'
[1.481s] INFO:colcon.colcon_core.plugin_system:Skipping extension 'colcon_notification.desktop_notification.terminal_notifier': Not used on non-Darwin systems
[1.481s] INFO:colcon.colcon_core.plugin_system:Skipping extension 'colcon_notification.desktop_notification.win32': Not used on non-Windows systems
[1.481s] INFO:colcon.colcon_notification.desktop_notification:Sending desktop notification using 'notify2'
[1.481s] DEBUG:colcon.colcon_notification.desktop_notification.notify2:Failed to initialize notify2: org.freedesktop.DBus.Error.FileNotFound: Failed to connect to socket /run/user/1000/bus: No such file or directory
[1.482s] DEBUG:colcon.colcon_core.event_reactor:joined thread
[1.482s] INFO:colcon.colcon_core.shell:Creating prefix script '/home/ajr/far_wbw_main/install/local_setup.ps1'
[1.483s] INFO:colcon.colcon_core.shell:Creating prefix util module '/home/ajr/far_wbw_main/install/_local_setup_util_ps1.py'
[1.484s] INFO:colcon.colcon_core.shell:Creating prefix chain script '/home/ajr/far_wbw_main/install/setup.ps1'
[1.485s] INFO:colcon.colcon_core.shell:Creating prefix script '/home/ajr/far_wbw_main/install/local_setup.sh'
[1.486s] INFO:colcon.colcon_core.shell:Creating prefix util module '/home/ajr/far_wbw_main/install/_local_setup_util_sh.py'
[1.486s] INFO:colcon.colcon_core.shell:Creating prefix chain script '/home/ajr/far_wbw_main/install/setup.sh'
[1.487s] INFO:colcon.colcon_core.shell:Creating prefix script '/home/ajr/far_wbw_main/install/local_setup.bash'
[1.488s] INFO:colcon.colcon_core.shell:Creating prefix chain script '/home/ajr/far_wbw_main/install/setup.bash'
[1.489s] INFO:colcon.colcon_core.shell:Creating prefix script '/home/ajr/far_wbw_main/install/local_setup.zsh'
[1.489s] INFO:colcon.colcon_core.shell:Creating prefix chain script '/home/ajr/far_wbw_main/install/setup.zsh'
